2026-05-13T21:51:31.621+05:30  INFO 15704 --- [devsecops-app] [main] com.devsec.app.App                       : Starting App using Java 21.0.10 with PID 15704 (C:\Users\krish\java-devsecops-project\target\classes started by krish in C:\Users\krish\java-devsecops-project)
2026-05-13T21:51:31.651+05:30 DEBUG 15704 --- [devsecops-app] [main] com.devsec.app.App                       : Running with Spring Boot v3.2.5, Spring v6.1.6
2026-05-13T21:51:31.652+05:30  INFO 15704 --- [devsecops-app] [main] com.devsec.app.App                       : No active profile set, falling back to 1 default profile: "default"
2026-05-13T21:51:32.484+05:30  INFO 15704 --- [devsecops-app] [main] .s.d.r.c.RepositoryConfigurationDelegate : Bootstrapping Spring Data JPA repositories in DEFAULT mode.
2026-05-13T21:51:32.509+05:30  INFO 15704 --- [devsecops-app] [main] .s.d.r.c.RepositoryConfigurationDelegate : Finished Spring Data repository scanning in 14 ms. Found 0 JPA repository interfaces.
2026-05-13T21:51:33.278+05:30  INFO 15704 --- [devsecops-app] [main] o.s.b.w.embedded.tomcat.TomcatWebServer  : Tomcat initialized with port 8080 (http)
2026-05-13T21:51:33.278+05:30  INFO 15704 --- [devsecops-app] [main] o.apache.catalina.core.StandardService   : Starting service [Tomcat]
2026-05-13T21:51:33.278+05:30  INFO 15704 --- [devsecops-app] [main] o.apache.catalina.core.StandardEngine    : Starting Servlet engine: [Apache Tomcat/10.1.20]
2026-05-13T21:51:33.589+05:30  INFO 15704 --- [devsecops-app] [main] o.a.c.c.C.[Tomcat].[localhost].[/]       : Initializing Spring embedded WebApplicationContext
2026-05-13T21:51:33.589+05:30  INFO 15704 --- [devsecops-app] [main] w.s.c.ServletWebServerApplicationContext : Root WebApplicationContext: initialization completed in 1897 ms
2026-05-13T21:51:34.135+05:30  INFO 15704 --- [devsecops-app] [main] o.hibernate.jpa.internal.util.LogHelper  : HHH000204: Processing PersistenceUnitInfo [name: default]
2026-05-13T21:51:34.200+05:30  INFO 15704 --- [devsecops-app] [main] org.hibernate.Version                    : HHH000412: Hibernate ORM core version 6.4.4.Final
2026-05-13T21:51:34.247+05:30  INFO 15704 --- [devsecops-app] [main] o.h.c.internal.RegionFactoryInitiator    : HHH000026: Second-level cache disabled
2026-05-13T21:51:34.498+05:30  INFO 15704 --- [devsecops-app] [main] o.s.o.j.p.SpringPersistenceUnitInfo      : No LoadTimeWeaver setup: ignoring JPA class transformer
2026-05-13T21:51:34.558+05:30  INFO 15704 --- [devsecops-app] [main] com.zaxxer.hikari.HikariDataSource       : HikariPool-1 - Starting...
2026-05-13T21:51:34.743+05:30  INFO 15704 --- [devsecops-app] [main] com.zaxxer.hikari.pool.HikariPool        : HikariPool-1 - Added connection conn0: url=jdbc:h2:mem:b678a24f-3d5a-4ad9-9faf-44bbb4664475 user=SA
2026-05-13T21:51:34.743+05:30  INFO 15704 --- [devsecops-app] [main] com.zaxxer.hikari.HikariDataSource       : HikariPool-1 - Start completed.
2026-05-13T21:51:35.029+05:30  INFO 15704 --- [devsecops-app] [main] o.h.e.t.j.p.i.JtaPlatformInitiator       : HHH000489: No JTA platform available (set 'hibernate.transaction.jta.platform' to enable JTA platform integration)
2026-05-13T21:51:35.029+05:30  INFO 15704 --- [devsecops-app] [main] j.LocalContainerEntityManagerFactoryBean : Initialized JPA EntityManagerFactory for persistence unit 'default'
2026-05-13T21:51:35.166+05:30  WARN 15704 --- [devsecops-app] [main] JpaBaseConfiguration$JpaWebConfiguration : spring.jpa.open-in-view is enabled by default. Therefore, database queries may be performed during view rendering. Explicitly configure spring.jpa.open-in-view to disable this warning
2026-05-13T21:51:36.520+05:30  INFO 15704 --- [devsecops-app] [main] o.s.b.a.e.web.EndpointLinksResolver      : Exposing 3 endpoint(s) beneath base path '/actuator'
2026-05-13T21:51:36.552+05:30  INFO 15704 --- [devsecops-app] [main] o.s.s.web.DefaultSecurityFilterChain     : Will secure any request with [org.springframework.security.web.session.DisableEncodeUrlFilter@1165a952, org.springframework.security.web.context.request.async.WebAsyncManagerIntegrationFilter@1b868ef0, org.springframework.security.web.context.SecurityContextHolderFilter@3d1c8f35, org.springframework.security.web.header.HeaderWriterFilter@67e628b, org.springframework.web.filter.CorsFilter@102f3f05, org.springframework.security.web.csrf.CsrfFilter@790f4933, org.springframework.security.web.authentication.logout.LogoutFilter@1bb78ae, org.springframework.security.web.authentication.UsernamePasswordAuthenticationFilter@5b2c41f9, org.springframework.security.web.authentication.ui.DefaultLoginPageGeneratingFilter@71a7cf7c, org.springframework.security.web.authentication.ui.DefaultLogoutPageGeneratingFilter@16e84d93, org.springframework.security.web.authentication.www.BasicAuthenticationFilter@7da1ef46, org.springframework.security.web.savedrequest.RequestCacheAwareFilter@1fdd5517, org.springframework.security.web.servletapi.SecurityContextHolderAwareRequestFilter@73b10975, org.springframework.security.web.authentication.AnonymousAuthenticationFilter@2a7b5925, org.springframework.security.web.access.ExceptionTranslationFilter@38834000, org.springframework.security.web.access.intercept.AuthorizationFilter@3c205259]
2026-05-13T21:51:36.868+05:30  INFO 15704 --- [devsecops-app] [main] o.s.b.w.embedded.tomcat.TomcatWebServer  : Tomcat started on port 8080 (http) with context path ''
2026-05-13T21:51:36.884+05:30  INFO 15704 --- [devsecops-app] [main] com.devsec.app.App                       : Started App in 5.621 seconds (process running for 5.893)
2026-05-13T21:54:36.695+05:30  INFO 15704 --- [devsecops-app] [http-nio-8080-exec-1] o.a.c.c.C.[Tomcat].[localhost].[/]       : Initializing Spring DispatcherServlet 'dispatcherServlet'
2026-05-13T21:54:36.695+05:30  INFO 15704 --- [devsecops-app] [http-nio-8080-exec-1] o.s.web.servlet.DispatcherServlet        : Initializing Servlet 'dispatcherServlet'
2026-05-13T21:54:36.701+05:30  INFO 15704 --- [devsecops-app] [http-nio-8080-exec-1] o.s.web.servlet.DispatcherServlet        : Completed initialization in 0 ms
2026-05-13T21:55:25.778+05:30  INFO 15704 --- [devsecops-app] [SpringApplicationShutdownHook] o.s.b.w.e.tomcat.GracefulShutdown        : Commencing graceful shutdown. Waiting for active requests to complete
2026-05-13T21:55:25.785+05:30  INFO 15704 --- [devsecops-app] [tomcat-shutdown] o.s.b.w.e.tomcat.GracefulShutdown        : Graceful shutdown complete
2026-05-13T21:55:25.790+05:30  INFO 15704 --- [devsecops-app] [SpringApplicationShutdownHook] j.LocalContainerEntityManagerFactoryBean : Closing JPA EntityManagerFactory for persistence unit 'default'
2026-05-13T21:55:25.793+05:30  INFO 15704 --- [devsecops-app] [SpringApplicationShutdownHook] com.zaxxer.hikari.HikariDataSource       : HikariPool-1 - Shutdown initiated...
2026-05-13T21:55:25.795+05:30  INFO 15704 --- [devsecops-app] [SpringApplicationShutdownHook] com.zaxxer.hikari.HikariDataSource       : HikariPool-1 - Shutdown completed.
